<?xml version="1.0" encoding="UTF-8"?>
<Site BuildName="(empty)"
	BuildStamp="20250725-0612-Experimental"
	Name="rtc-Precision-7540"
	Generator="ctest-3.22.1"
	CompilerName="/usr/bin/clang++"
	CompilerVersion="14.0.0"
	OSName="Linux"
	Hostname="rtc-Precision-7540"
	OSRelease="6.8.0-60-generic"
	OSVersion="#63~22.04.1-Ubuntu SMP PREEMPT_DYNAMIC Tue Apr 22 19:00:15 UTC 2"
	OSPlatform="x86_64"
	Is64Bits="1"
	VendorString="GenuineIntel"
	VendorID="Intel Corporation"
	FamilyID="6"
	ModelID="158"
	ProcessorCacheSize="12288"
	NumberOfLogicalCPU="12"
	NumberOfPhysicalCPU="6"
	TotalVirtualMemory="2047"
	TotalPhysicalMemory="15742"
	LogicalProcessorsPerPhysical="2"
	ProcessorClockFrequency="4000.07"
	>
	<Testing>
		<StartDateTime>Jul 25 18:48 +07</StartDateTime>
		<StartTestTime>1753444119</StartTestTime>
		<TestList/>
		<EndDateTime>Jul 25 18:48 +07</EndDateTime>
		<EndTestTime>1753444119</EndTestTime>
		<ElapsedMinutes>0</ElapsedMinutes>
	</Testing>
</Site>
